This file contains any messages produced by compilers while
running configure, to aid debugging if configure makes a mistake.

It was created by configure, which was
generated by GNU Autoconf 2.68.  Invocation command line was

  $ ./configure --prefix=/home/cfd7

## --------- ##
## Platform. ##
## --------- ##

hostname = cfd7
uname -m = x86_64
uname -r = 3.2.0-59-generic
uname -s = Linux
uname -v = #90-Ubuntu SMP Tue Jan 7 22:43:51 UTC 2014

/usr/bin/uname -p = unknown
/bin/uname -X     = unknown

/bin/arch              = unknown
/usr/bin/arch -k       = unknown
/usr/convex/getsysinfo = unknown
/usr/bin/hostinfo      = unknown
/bin/machine           = unknown
/usr/bin/oslevel       = unknown
/bin/universe          = unknown

PATH: /home/cfd7/bin
PATH: /usr/local/bin
PATH: /usr/bin
PATH: /bin
PATH: /usr/games
PATH: /home/cfd7/visit2_5_2.linux-x86_64/bin
PATH: /usr/local/cuda-5.0/bin
PATH: /home/cfd7/bin


## ----------- ##
## Core tests. ##
## ----------- ##

configure:2185: checking build system type
configure:2199: result: x86_64-unknown-linux-gnu
configure:2219: checking host system type
configure:2232: result: x86_64-unknown-linux-gnu
configure:2269: checking for a BSD-compatible install
configure:2337: result: /usr/bin/install -c
configure:2348: checking whether build environment is sane
configure:2398: result: yes
configure:2539: checking for a thread-safe mkdir -p
configure:2578: result: /bin/mkdir -p
configure:2591: checking for gawk
configure:2607: found /usr/bin/gawk
configure:2618: result: gawk
configure:2629: checking whether make sets $(MAKE)
configure:2651: result: yes
configure:2734: checking whether to enable maintainer-specific portions of Makefiles
configure:2743: result: no
configure:2785: checking for mpicc
configure:2801: found /usr/bin/mpicc
configure:2812: result: yes
configure:2843: checking for style of include used by make
configure:2871: result: GNU
configure:2942: checking for gcc
configure:2969: result: mpicc
configure:3198: checking for C compiler version
configure:3207: mpicc --version >&5
gcc (Ubuntu/Linaro 4.6.3-1ubuntu5) 4.6.3
Copyright (C) 2011 Free Software Foundation, Inc.
This is free software; see the source for copying conditions.  There is NO
warranty; not even for MERCHANTABILITY or FITNESS FOR A PARTICULAR PURPOSE.

configure:3218: $? = 0
configure:3207: mpicc -v >&5
mpicc for MPICH2 version 1.4.1
Using built-in specs.
COLLECT_GCC=gcc
COLLECT_LTO_WRAPPER=/usr/lib/gcc/x86_64-linux-gnu/4.6/lto-wrapper
Target: x86_64-linux-gnu
Configured with: ../src/configure -v --with-pkgversion='Ubuntu/Linaro 4.6.3-1ubuntu5' --with-bugurl=file:///usr/share/doc/gcc-4.6/README.Bugs --enable-languages=c,c++,fortran,objc,obj-c++ --prefix=/usr --program-suffix=-4.6 --enable-shared --enable-linker-build-id --with-system-zlib --libexecdir=/usr/lib --without-included-gettext --enable-threads=posix --with-gxx-include-dir=/usr/include/c++/4.6 --libdir=/usr/lib --enable-nls --with-sysroot=/ --enable-clocale=gnu --enable-libstdcxx-debug --enable-libstdcxx-time=yes --enable-gnu-unique-object --enable-plugin --enable-objc-gc --disable-werror --with-arch-32=i686 --with-tune=generic --enable-checking=release --build=x86_64-linux-gnu --host=x86_64-linux-gnu --target=x86_64-linux-gnu
Thread model: posix
gcc version 4.6.3 (Ubuntu/Linaro 4.6.3-1ubuntu5) 
configure:3218: $? = 0
configure:3207: mpicc -V >&5
gcc: error: unrecognized option '-V'
configure:3218: $? = 1
configure:3207: mpicc -qversion >&5
gcc: error: unrecognized option '-qversion'
configure:3218: $? = 1
configure:3238: checking whether the C compiler works
configure:3260: mpicc    conftest.c  >&5
configure:3264: $? = 0
configure:3312: result: yes
configure:3315: checking for C compiler default output file name
configure:3317: result: a.out
configure:3323: checking for suffix of executables
configure:3330: mpicc -o conftest    conftest.c  >&5
configure:3334: $? = 0
configure:3356: result: 
configure:3378: checking whether we are cross compiling
configure:3386: mpicc -o conftest    conftest.c  >&5
configure:3390: $? = 0
configure:3397: ./conftest
configure:3401: $? = 0
configure:3416: result: no
configure:3421: checking for suffix of object files
configure:3443: mpicc -c   conftest.c >&5
configure:3447: $? = 0
configure:3468: result: o
configure:3472: checking whether we are using the GNU C compiler
configure:3491: mpicc -c   conftest.c >&5
configure:3491: $? = 0
configure:3500: result: yes
configure:3509: checking whether mpicc accepts -g
configure:3529: mpicc -c -g  conftest.c >&5
configure:3529: $? = 0
configure:3570: result: yes
configure:3587: checking for mpicc option to accept ISO C89
configure:3651: mpicc  -c -g -O2  conftest.c >&5
configure:3651: $? = 0
configure:3664: result: none needed
configure:3686: checking dependency style of mpicc
configure:3797: result: gcc3
configure:3813: checking for library containing strerror
configure:3844: mpicc -o conftest -g -O2   conftest.c  >&5
configure:3844: $? = 0
configure:3861: result: none required
configure:3917: checking for gcc
configure:3944: result: mpicc
configure:4173: checking for C compiler version
configure:4182: mpicc --version >&5
gcc (Ubuntu/Linaro 4.6.3-1ubuntu5) 4.6.3
Copyright (C) 2011 Free Software Foundation, Inc.
This is free software; see the source for copying conditions.  There is NO
warranty; not even for MERCHANTABILITY or FITNESS FOR A PARTICULAR PURPOSE.

configure:4193: $? = 0
configure:4182: mpicc -v >&5
mpicc for MPICH2 version 1.4.1
Using built-in specs.
COLLECT_GCC=gcc
COLLECT_LTO_WRAPPER=/usr/lib/gcc/x86_64-linux-gnu/4.6/lto-wrapper
Target: x86_64-linux-gnu
Configured with: ../src/configure -v --with-pkgversion='Ubuntu/Linaro 4.6.3-1ubuntu5' --with-bugurl=file:///usr/share/doc/gcc-4.6/README.Bugs --enable-languages=c,c++,fortran,objc,obj-c++ --prefix=/usr --program-suffix=-4.6 --enable-shared --enable-linker-build-id --with-system-zlib --libexecdir=/usr/lib --without-included-gettext --enable-threads=posix --with-gxx-include-dir=/usr/include/c++/4.6 --libdir=/usr/lib --enable-nls --with-sysroot=/ --enable-clocale=gnu --enable-libstdcxx-debug --enable-libstdcxx-time=yes --enable-gnu-unique-object --enable-plugin --enable-objc-gc --disable-werror --with-arch-32=i686 --with-tune=generic --enable-checking=release --build=x86_64-linux-gnu --host=x86_64-linux-gnu --target=x86_64-linux-gnu
Thread model: posix
gcc version 4.6.3 (Ubuntu/Linaro 4.6.3-1ubuntu5) 
configure:4193: $? = 0
configure:4182: mpicc -V >&5
gcc: error: unrecognized option '-V'
configure:4193: $? = 1
configure:4182: mpicc -qversion >&5
gcc: error: unrecognized option '-qversion'
configure:4193: $? = 1
configure:4197: checking whether we are using the GNU C compiler
configure:4225: result: yes
configure:4234: checking whether mpicc accepts -g
configure:4295: result: yes
configure:4312: checking for mpicc option to accept ISO C89
configure:4389: result: none needed
configure:4411: checking dependency style of mpicc
configure:4522: result: gcc3
configure:4585: checking for gcc
configure:4612: result: mpicc
configure:4841: checking for C compiler version
configure:4850: mpicc --version >&5
gcc (Ubuntu/Linaro 4.6.3-1ubuntu5) 4.6.3
Copyright (C) 2011 Free Software Foundation, Inc.
This is free software; see the source for copying conditions.  There is NO
warranty; not even for MERCHANTABILITY or FITNESS FOR A PARTICULAR PURPOSE.

configure:4861: $? = 0
configure:4850: mpicc -v >&5
mpicc for MPICH2 version 1.4.1
Using built-in specs.
COLLECT_GCC=gcc
COLLECT_LTO_WRAPPER=/usr/lib/gcc/x86_64-linux-gnu/4.6/lto-wrapper
Target: x86_64-linux-gnu
Configured with: ../src/configure -v --with-pkgversion='Ubuntu/Linaro 4.6.3-1ubuntu5' --with-bugurl=file:///usr/share/doc/gcc-4.6/README.Bugs --enable-languages=c,c++,fortran,objc,obj-c++ --prefix=/usr --program-suffix=-4.6 --enable-shared --enable-linker-build-id --with-system-zlib --libexecdir=/usr/lib --without-included-gettext --enable-threads=posix --with-gxx-include-dir=/usr/include/c++/4.6 --libdir=/usr/lib --enable-nls --with-sysroot=/ --enable-clocale=gnu --enable-libstdcxx-debug --enable-libstdcxx-time=yes --enable-gnu-unique-object --enable-plugin --enable-objc-gc --disable-werror --with-arch-32=i686 --with-tune=generic --enable-checking=release --build=x86_64-linux-gnu --host=x86_64-linux-gnu --target=x86_64-linux-gnu
Thread model: posix
gcc version 4.6.3 (Ubuntu/Linaro 4.6.3-1ubuntu5) 
configure:4861: $? = 0
configure:4850: mpicc -V >&5
gcc: error: unrecognized option '-V'
configure:4861: $? = 1
configure:4850: mpicc -qversion >&5
gcc: error: unrecognized option '-qversion'
configure:4861: $? = 1
configure:4865: checking whether we are using the GNU C compiler
configure:4893: result: yes
configure:4902: checking whether mpicc accepts -g
configure:4963: result: yes
configure:4980: checking for mpicc option to accept ISO C89
configure:5057: result: none needed
configure:5079: checking dependency style of mpicc
configure:5190: result: gcc3
configure:5209: checking whether mpicc and cc understand -c and -o together
configure:5240: mpicc -c conftest.c -o conftest2.o >&5
configure:5244: $? = 0
configure:5250: mpicc -c conftest.c -o conftest2.o >&5
configure:5254: $? = 0
configure:5265: cc -c conftest.c >&5
configure:5269: $? = 0
configure:5277: cc -c conftest.c -o conftest2.o >&5
configure:5281: $? = 0
configure:5287: cc -c conftest.c -o conftest2.o >&5
configure:5291: $? = 0
configure:5309: result: yes
configure:5339: checking how to run the C preprocessor
configure:5370: mpicc -E  conftest.c
configure:5370: $? = 0
configure:5384: mpicc -E  conftest.c
conftest.c:12:28: fatal error: ac_nonexistent.h: No such file or directory
compilation terminated.
configure:5384: $? = 1
configure: failed program was:
| /* confdefs.h */
| #define PACKAGE_NAME ""
| #define PACKAGE_TARNAME ""
| #define PACKAGE_VERSION ""
| #define PACKAGE_STRING ""
| #define PACKAGE_BUGREPORT ""
| #define PACKAGE_URL ""
| #define PACKAGE "gfsview"
| #define VERSION "0.5.0"
| #define HAVE_MPI 1
| /* end confdefs.h.  */
| #include <ac_nonexistent.h>
configure:5409: result: mpicc -E
configure:5429: mpicc -E  conftest.c
configure:5429: $? = 0
configure:5443: mpicc -E  conftest.c
conftest.c:12:28: fatal error: ac_nonexistent.h: No such file or directory
compilation terminated.
configure:5443: $? = 1
configure: failed program was:
| /* confdefs.h */
| #define PACKAGE_NAME ""
| #define PACKAGE_TARNAME ""
| #define PACKAGE_VERSION ""
| #define PACKAGE_STRING ""
| #define PACKAGE_BUGREPORT ""
| #define PACKAGE_URL ""
| #define PACKAGE "gfsview"
| #define VERSION "0.5.0"
| #define HAVE_MPI 1
| /* end confdefs.h.  */
| #include <ac_nonexistent.h>
configure:5472: checking for grep that handles long lines and -e
configure:5530: result: /bin/grep
configure:5535: checking for egrep
configure:5597: result: /bin/grep -E
configure:5602: checking for ANSI C header files
configure:5622: mpicc -c -g -O2  conftest.c >&5
configure:5622: $? = 0
configure:5695: mpicc -o conftest -g -O2   conftest.c  >&5
configure:5695: $? = 0
configure:5695: ./conftest
configure:5695: $? = 0
configure:5706: result: yes
configure:6064: checking how to print strings
configure:6091: result: printf
configure:6112: checking for a sed that does not truncate output
configure:6176: result: /bin/sed
configure:6194: checking for fgrep
configure:6256: result: /bin/grep -F
configure:6291: checking for ld used by mpicc
configure:6358: result: /usr/bin/ld
configure:6365: checking if the linker (/usr/bin/ld) is GNU ld
configure:6380: result: yes
configure:6392: checking for BSD- or MS-compatible name lister (nm)
configure:6441: result: /usr/bin/nm -B
configure:6571: checking the name lister (/usr/bin/nm -B) interface
configure:6578: mpicc -c -g -O2  conftest.c >&5
configure:6581: /usr/bin/nm -B "conftest.o"
configure:6584: output
0000000000000000 B some_variable
configure:6591: result: BSD nm
configure:6594: checking whether ln -s works
configure:6598: result: yes
configure:6606: checking the maximum length of command line arguments
configure:6736: result: 1572864
configure:6753: checking whether the shell understands some XSI constructs
configure:6763: result: yes
configure:6767: checking whether the shell understands "+="
configure:6773: result: yes
configure:6808: checking how to convert x86_64-unknown-linux-gnu file names to x86_64-unknown-linux-gnu format
configure:6848: result: func_convert_file_noop
configure:6855: checking how to convert x86_64-unknown-linux-gnu file names to toolchain format
configure:6875: result: func_convert_file_noop
configure:6882: checking for /usr/bin/ld option to reload object files
configure:6889: result: -r
configure:6963: checking for objdump
configure:6990: result: objdump
configure:7019: checking how to recognize dependent libraries
configure:7221: result: pass_all
configure:7306: checking for dlltool
configure:7333: result: dlltool
configure:7363: checking how to associate runtime and link libraries
configure:7390: result: printf %s\n
configure:7450: checking for ar
configure:7466: found /usr/bin/ar
configure:7477: result: ar
configure:7514: checking for archiver @FILE support
configure:7531: mpicc -c -g -O2  conftest.c >&5
configure:7531: $? = 0
configure:7534: ar cru libconftest.a @conftest.lst >&5
configure:7537: $? = 0
configure:7542: ar cru libconftest.a @conftest.lst >&5
ar: conftest.o: No such file or directory
configure:7545: $? = 1
configure:7557: result: @
configure:7615: checking for strip
configure:7631: found /usr/bin/strip
configure:7642: result: strip
configure:7714: checking for ranlib
configure:7730: found /usr/bin/ranlib
configure:7741: result: ranlib
configure:7843: checking command to parse /usr/bin/nm -B output from mpicc object
configure:7963: mpicc -c -g -O2  conftest.c >&5
configure:7966: $? = 0
configure:7970: /usr/bin/nm -B conftest.o \| sed -n -e 's/^.*[ ]\([ABCDGIRSTW][ABCDGIRSTW]*\)[ ][ ]*\([_A-Za-z][_A-Za-z0-9]*\)$/\1 \2 \2/p' | sed '/ __gnu_lto/d' \> conftest.nm
configure:7973: $? = 0
configure:8039: mpicc -o conftest -g -O2   conftest.c conftstm.o >&5
configure:8042: $? = 0
configure:8080: result: ok
configure:8117: checking for sysroot
configure:8147: result: no
configure:8224: mpicc -c -g -O2  conftest.c >&5
configure:8227: $? = 0
configure:8403: checking for mt
configure:8419: found /bin/mt
configure:8430: result: mt
configure:8453: checking if mt is a manifest tool
configure:8459: mt '-?'
configure:8467: result: no
configure:9109: checking for sys/types.h
configure:9109: mpicc -c -g -O2  conftest.c >&5
configure:9109: $? = 0
configure:9109: result: yes
configure:9109: checking for sys/stat.h
configure:9109: mpicc -c -g -O2  conftest.c >&5
configure:9109: $? = 0
configure:9109: result: yes
configure:9109: checking for stdlib.h
configure:9109: mpicc -c -g -O2  conftest.c >&5
configure:9109: $? = 0
configure:9109: result: yes
configure:9109: checking for string.h
configure:9109: mpicc -c -g -O2  conftest.c >&5
configure:9109: $? = 0
configure:9109: result: yes
configure:9109: checking for memory.h
configure:9109: mpicc -c -g -O2  conftest.c >&5
configure:9109: $? = 0
configure:9109: result: yes
configure:9109: checking for strings.h
configure:9109: mpicc -c -g -O2  conftest.c >&5
configure:9109: $? = 0
configure:9109: result: yes
configure:9109: checking for inttypes.h
configure:9109: mpicc -c -g -O2  conftest.c >&5
configure:9109: $? = 0
configure:9109: result: yes
configure:9109: checking for stdint.h
configure:9109: mpicc -c -g -O2  conftest.c >&5
configure:9109: $? = 0
configure:9109: result: yes
configure:9109: checking for unistd.h
configure:9109: mpicc -c -g -O2  conftest.c >&5
configure:9109: $? = 0
configure:9109: result: yes
configure:9123: checking for dlfcn.h
configure:9123: mpicc -c -g -O2  conftest.c >&5
configure:9123: $? = 0
configure:9123: result: yes
configure:9327: checking for objdir
configure:9342: result: .libs
configure:9609: checking if mpicc supports -fno-rtti -fno-exceptions
configure:9627: mpicc -c -g -O2  -fno-rtti -fno-exceptions conftest.c >&5
cc1: warning: command line option '-fno-rtti' is valid for C++/ObjC++ but not for C [enabled by default]
configure:9631: $? = 0
configure:9644: result: no
configure:9971: checking for mpicc option to produce PIC
configure:9978: result: -fPIC -DPIC
configure:9986: checking if mpicc PIC flag -fPIC -DPIC works
configure:10004: mpicc -c -g -O2  -fPIC -DPIC -DPIC conftest.c >&5
configure:10008: $? = 0
configure:10021: result: yes
configure:10050: checking if mpicc static flag -static works
configure:10078: result: no
configure:10093: checking if mpicc supports -c -o file.o
configure:10114: mpicc -c -g -O2  -o out/conftest2.o conftest.c >&5
configure:10118: $? = 0
configure:10140: result: yes
configure:10148: checking if mpicc supports -c -o file.o
configure:10195: result: yes
configure:10228: checking whether the mpicc linker (/usr/bin/ld -m elf_x86_64) supports shared libraries
configure:11385: result: yes
configure:11422: checking whether -lc should be explicitly linked in
configure:11430: mpicc -c -g -O2  conftest.c >&5
configure:11433: $? = 0
configure:11448: mpicc -shared  -fPIC -DPIC conftest.o  -v -Wl,-soname -Wl,conftest -o conftest 2\>\&1 \| /bin/grep  -lc  \>/dev/null 2\>\&1
configure:11451: $? = 0
configure:11465: result: no
configure:11625: checking dynamic linker characteristics
configure:12136: mpicc -o conftest -g -O2   -Wl,-rpath -Wl,/foo conftest.c  >&5
configure:12136: $? = 0
configure:12370: result: GNU/Linux ld.so
configure:12477: checking how to hardcode library paths into programs
configure:12502: result: immediate
configure:13042: checking whether stripping libraries is possible
configure:13047: result: yes
configure:13082: checking if libtool supports shared libraries
configure:13084: result: yes
configure:13087: checking whether to build shared libraries
configure:13108: result: yes
configure:13111: checking whether to build static libraries
configure:13115: result: yes
configure:13227: checking for pkg-config
configure:13245: found /usr/bin/pkg-config
configure:13257: result: /usr/bin/pkg-config
configure:13282: checking pkg-config is at least version 0.9.0
configure:13285: result: yes
configure:13295: checking for GERRIS2D
configure:13302: $PKG_CONFIG --exists --print-errors "gerris2D  >= $GERRIS_VERSION"
configure:13305: $? = 0
configure:13319: $PKG_CONFIG --exists --print-errors "gerris2D  >= $GERRIS_VERSION"
configure:13322: $? = 0
configure:13380: result: yes
configure:13386: checking for GERRIS3D
configure:13393: $PKG_CONFIG --exists --print-errors "gerris3D  >= $GERRIS_VERSION"
configure:13396: $? = 0
configure:13410: $PKG_CONFIG --exists --print-errors "gerris3D  >= $GERRIS_VERSION"
configure:13413: $? = 0
configure:13471: result: yes
configure:13477: checking for OSMESA
configure:13484: $PKG_CONFIG --exists --print-errors " osmesa "
configure:13487: $? = 0
configure:13501: $PKG_CONFIG --exists --print-errors " osmesa "
configure:13504: $? = 0
configure:13542: result: yes
configure:13673: checking for GTK
configure:13680: $PKG_CONFIG --exists --print-errors " $GTK_PACKAGES "
configure:13683: $? = 0
configure:13697: $PKG_CONFIG --exists --print-errors " $GTK_PACKAGES "
configure:13700: $? = 0
configure:13746: result: yes
configure:13858: checking for FTGL
configure:13865: $PKG_CONFIG --exists --print-errors " ftgl >= 2.1.3 "
configure:13868: $? = 0
configure:13882: $PKG_CONFIG --exists --print-errors " ftgl >= 2.1.3 "
configure:13885: $? = 0
configure:13929: result: yes
configure:14118: creating ./config.status

## ---------------------- ##
## Running config.status. ##
## ---------------------- ##

This file was extended by config.status, which was
generated by GNU Autoconf 2.68.  Invocation command line was

  CONFIG_FILES    = 
  CONFIG_HEADERS  = 
  CONFIG_LINKS    = 
  CONFIG_COMMANDS = 
  $ ./config.status 

on cfd7

config.status:1129: creating Makefile
config.status:1129: creating view/Makefile
config.status:1129: creating view/desktop/Makefile
config.status:1129: creating gl2ps/Makefile
config.status:1129: creating gl/Makefile
config.status:1129: creating batch/Makefile
config.status:1129: creating debian/Makefile
config.status:1129: creating config.h
config.status:1310: config.h is unchanged
config.status:1358: executing depfiles commands
config.status:1358: executing libtool commands

## ---------------- ##
## Cache variables. ##
## ---------------- ##

ac_cv_build=x86_64-unknown-linux-gnu
ac_cv_c_compiler_gnu=yes
ac_cv_env_CC_set=
ac_cv_env_CC_value=
ac_cv_env_CFLAGS_set=
ac_cv_env_CFLAGS_value=
ac_cv_env_CPPFLAGS_set=
ac_cv_env_CPPFLAGS_value=
ac_cv_env_CPP_set=
ac_cv_env_CPP_value=
ac_cv_env_FTGL_CFLAGS_set=
ac_cv_env_FTGL_CFLAGS_value=
ac_cv_env_FTGL_LIBS_set=
ac_cv_env_FTGL_LIBS_value=
ac_cv_env_GERRIS2D_CFLAGS_set=
ac_cv_env_GERRIS2D_CFLAGS_value=
ac_cv_env_GERRIS2D_LIBS_set=
ac_cv_env_GERRIS2D_LIBS_value=
ac_cv_env_GERRIS3D_CFLAGS_set=
ac_cv_env_GERRIS3D_CFLAGS_value=
ac_cv_env_GERRIS3D_LIBS_set=
ac_cv_env_GERRIS3D_LIBS_value=
ac_cv_env_GTK_CFLAGS_set=
ac_cv_env_GTK_CFLAGS_value=
ac_cv_env_GTK_LIBS_set=
ac_cv_env_GTK_LIBS_value=
ac_cv_env_LDFLAGS_set=
ac_cv_env_LDFLAGS_value=
ac_cv_env_LIBS_set=
ac_cv_env_LIBS_value=
ac_cv_env_OSMESA_CFLAGS_set=
ac_cv_env_OSMESA_CFLAGS_value=
ac_cv_env_OSMESA_LIBS_set=
ac_cv_env_OSMESA_LIBS_value=
ac_cv_env_PKG_CONFIG_LIBDIR_set=
ac_cv_env_PKG_CONFIG_LIBDIR_value=
ac_cv_env_PKG_CONFIG_PATH_set=set
ac_cv_env_PKG_CONFIG_PATH_value=:/home/cfd7/lib/pkgconfig
ac_cv_env_PKG_CONFIG_set=
ac_cv_env_PKG_CONFIG_value=
ac_cv_env_build_alias_set=
ac_cv_env_build_alias_value=
ac_cv_env_host_alias_set=
ac_cv_env_host_alias_value=
ac_cv_env_target_alias_set=
ac_cv_env_target_alias_value=
ac_cv_header_dlfcn_h=yes
ac_cv_header_inttypes_h=yes
ac_cv_header_memory_h=yes
ac_cv_header_stdc=yes
ac_cv_header_stdint_h=yes
ac_cv_header_stdlib_h=yes
ac_cv_header_string_h=yes
ac_cv_header_strings_h=yes
ac_cv_header_sys_stat_h=yes
ac_cv_header_sys_types_h=yes
ac_cv_header_unistd_h=yes
ac_cv_host=x86_64-unknown-linux-gnu
ac_cv_objext=o
ac_cv_path_EGREP='/bin/grep -E'
ac_cv_path_FGREP='/bin/grep -F'
ac_cv_path_GREP=/bin/grep
ac_cv_path_SED=/bin/sed
ac_cv_path_ac_pt_PKG_CONFIG=/usr/bin/pkg-config
ac_cv_path_install='/usr/bin/install -c'
ac_cv_path_mkdir=/bin/mkdir
ac_cv_prog_AWK=gawk
ac_cv_prog_CPP='mpicc -E'
ac_cv_prog_ac_ct_AR=ar
ac_cv_prog_ac_ct_CC=mpicc
ac_cv_prog_ac_ct_DLLTOOL=dlltool
ac_cv_prog_ac_ct_MANIFEST_TOOL=mt
ac_cv_prog_ac_ct_OBJDUMP=objdump
ac_cv_prog_ac_ct_RANLIB=ranlib
ac_cv_prog_ac_ct_STRIP=strip
ac_cv_prog_cc_c89=
ac_cv_prog_cc_g=yes
ac_cv_prog_cc_mpicc_c_o=yes
ac_cv_prog_make_make_set=yes
ac_cv_prog_use_mpicc=yes
ac_cv_search_strerror='none required'
am_cv_CC_dependencies_compiler_type=gcc3
am_cv_prog_cc_stdc=
lt_cv_ar_at_file=@
lt_cv_archive_cmds_need_lc=no
lt_cv_deplibs_check_method=pass_all
lt_cv_file_magic_cmd='$MAGIC_CMD'
lt_cv_file_magic_test_file=
lt_cv_ld_reload_flag=-r
lt_cv_nm_interface='BSD nm'
lt_cv_objdir=.libs
lt_cv_path_LD=/usr/bin/ld
lt_cv_path_NM='/usr/bin/nm -B'
lt_cv_path_mainfest_tool=no
lt_cv_prog_compiler_c_o=yes
lt_cv_prog_compiler_pic='-fPIC -DPIC'
lt_cv_prog_compiler_pic_works=yes
lt_cv_prog_compiler_rtti_exceptions=no
lt_cv_prog_compiler_static_works=no
lt_cv_prog_gnu_ld=yes
lt_cv_sharedlib_from_linklib_cmd='printf %s\n'
lt_cv_shlibpath_overrides_runpath=no
lt_cv_sys_global_symbol_pipe='sed -n -e '\''s/^.*[	 ]\([ABCDGIRSTW][ABCDGIRSTW]*\)[	 ][	 ]*\([_A-Za-z][_A-Za-z0-9]*\)$/\1 \2 \2/p'\'' | sed '\''/ __gnu_lto/d'\'''
lt_cv_sys_global_symbol_to_c_name_address='sed -n -e '\''s/^: \([^ ]*\)[ ]*$/  {\"\1\", (void *) 0},/p'\'' -e '\''s/^[ABCDGIRSTW]* \([^ ]*\) \([^ ]*\)$/  {"\2", (void *) \&\2},/p'\'''
lt_cv_sys_global_symbol_to_c_name_address_lib_prefix='sed -n -e '\''s/^: \([^ ]*\)[ ]*$/  {\"\1\", (void *) 0},/p'\'' -e '\''s/^[ABCDGIRSTW]* \([^ ]*\) \(lib[^ ]*\)$/  {"\2", (void *) \&\2},/p'\'' -e '\''s/^[ABCDGIRSTW]* \([^ ]*\) \([^ ]*\)$/  {"lib\2", (void *) \&\2},/p'\'''
lt_cv_sys_global_symbol_to_cdecl='sed -n -e '\''s/^T .* \(.*\)$/extern int \1();/p'\'' -e '\''s/^[ABCDGIRSTW]* .* \(.*\)$/extern char \1;/p'\'''
lt_cv_sys_max_cmd_len=1572864
lt_cv_to_host_file_cmd=func_convert_file_noop
lt_cv_to_tool_file_cmd=func_convert_file_noop
pkg_cv_FTGL_CFLAGS='-I/usr/include/freetype2 -I/usr/include/FTGL  '
pkg_cv_FTGL_LIBS='-lftgl  '
pkg_cv_GERRIS2D_CFLAGS='-DFTT_2D=1 -pthread -I/home/cfd7/include -I/usr/include/glib-2.0 -I/usr/lib/x86_64-linux-gnu/glib-2.0/include  '
pkg_cv_GERRIS2D_LIBS='-pthread -Wl,--export-dynamic -L/home/cfd7/lib -lgfs2D -lgts -lm -lgthread-2.0 -lgmodule-2.0 -lrt -lglib-2.0  '
pkg_cv_GERRIS3D_CFLAGS='-pthread -I/home/cfd7/include -I/usr/include/glib-2.0 -I/usr/lib/x86_64-linux-gnu/glib-2.0/include  '
pkg_cv_GERRIS3D_LIBS='-pthread -Wl,--export-dynamic -L/home/cfd7/lib -lgfs3D -lgts -lm -lgthread-2.0 -lgmodule-2.0 -lrt -lglib-2.0  '
pkg_cv_GTK_CFLAGS='-pthread -I/usr/include/glib-2.0 -I/usr/lib/x86_64-linux-gnu/glib-2.0/include -I/usr/include/gtk-2.0 -I/usr/lib/x86_64-linux-gnu/gtk-2.0/include -I/usr/include/atk-1.0 -I/usr/include/cairo -I/usr/include/gdk-pixbuf-2.0 -I/usr/include/pango-1.0 -I/usr/include/gio-unix-2.0/ -I/usr/include/pixman-1 -I/usr/include/freetype2 -I/usr/include/libpng12 -I/usr/include/startup-notification-1.0 -I/usr/include/gtkglext-1.0 -I/usr/lib/gtkglext-1.0/include  '
pkg_cv_GTK_LIBS='-pthread -Wl,--export-dynamic -lgthread-2.0 -lgtkglext-x11-1.0 -lgdkglext-x11-1.0 -lGLU -lGL -lXmu -lXt -lSM -lICE -lgtk-x11-2.0 -lpangox-1.0 -lX11 -lgmodule-2.0 -lrt -lgdk-x11-2.0 -latk-1.0 -lgio-2.0 -lpangoft2-1.0 -lpangocairo-1.0 -lgdk_pixbuf-2.0 -lcairo -lpango-1.0 -lfreetype -lfontconfig -lgobject-2.0 -lglib-2.0 -lstartup-notification-1  '
pkg_cv_OSMESA_CFLAGS=' '
pkg_cv_OSMESA_LIBS='-lOSMesa32  '

## ----------------- ##
## Output variables. ##
## ----------------- ##

ACLOCAL='${SHELL} /home/cfd7/GERRIS-INSTALL/gfsview-stable/missing --run aclocal-1.11'
AMDEPBACKSLASH='\'
AMDEP_FALSE='#'
AMDEP_TRUE=''
AMTAR='$${TAR-tar}'
AR='ar'
AS='as'
AUTOCONF='${SHELL} /home/cfd7/GERRIS-INSTALL/gfsview-stable/missing --run autoconf'
AUTOHEADER='${SHELL} /home/cfd7/GERRIS-INSTALL/gfsview-stable/missing --run autoheader'
AUTOMAKE='${SHELL} /home/cfd7/GERRIS-INSTALL/gfsview-stable/missing --run automake-1.11'
AWK='gawk'
CC='mpicc'
CCDEPMODE='depmode=gcc3'
CFLAGS='-g -O2 -Wall -Werror-implicit-function-declaration -Wmissing-prototypes -Wmissing-declarations -pipe -std=c99 -D_XOPEN_SOURCE=500'
CPP='mpicc -E'
CPPFLAGS=''
CYGPATH_W='echo'
DARCS_CONTROLLED_FALSE='#'
DARCS_CONTROLLED_TRUE=''
DEFS='-DHAVE_CONFIG_H'
DEPDIR='.deps'
DLLTOOL='dlltool'
DSYMUTIL=''
DUMPBIN=''
ECHO_C=''
ECHO_N='-n'
ECHO_T=''
EGREP='/bin/grep -E'
EXEEXT=''
FGREP='/bin/grep -F'
FTGL_CFLAGS='-I/usr/include/freetype2 -I/usr/include/FTGL  '
FTGL_LIBS='-lftgl  '
GERRIS2D_CFLAGS='-DFTT_2D=1 -pthread -I/home/cfd7/include -I/usr/include/glib-2.0 -I/usr/lib/x86_64-linux-gnu/glib-2.0/include  '
GERRIS2D_LIBS='-pthread -Wl,--export-dynamic -L/home/cfd7/lib -lgfs2D -lgts -lm -lgthread-2.0 -lgmodule-2.0 -lrt -lglib-2.0  '
GERRIS3D_CFLAGS='-pthread -I/home/cfd7/include -I/usr/include/glib-2.0 -I/usr/lib/x86_64-linux-gnu/glib-2.0/include  '
GERRIS3D_LIBS='-pthread -Wl,--export-dynamic -L/home/cfd7/lib -lgfs3D -lgts -lm -lgthread-2.0 -lgmodule-2.0 -lrt -lglib-2.0  '
GREP='/bin/grep'
GTK_CFLAGS='-pthread -I/usr/include/glib-2.0 -I/usr/lib/x86_64-linux-gnu/glib-2.0/include -I/usr/include/gtk-2.0 -I/usr/lib/x86_64-linux-gnu/gtk-2.0/include -I/usr/include/atk-1.0 -I/usr/include/cairo -I/usr/include/gdk-pixbuf-2.0 -I/usr/include/pango-1.0 -I/usr/include/gio-unix-2.0/ -I/usr/include/pixman-1 -I/usr/include/freetype2 -I/usr/include/libpng12 -I/usr/include/startup-notification-1.0 -I/usr/include/gtkglext-1.0 -I/usr/lib/gtkglext-1.0/include  '
GTK_LIBS='-pthread -Wl,--export-dynamic -lgthread-2.0 -lgtkglext-x11-1.0 -lgdkglext-x11-1.0 -lGLU -lGL -lXmu -lXt -lSM -lICE -lgtk-x11-2.0 -lpangox-1.0 -lX11 -lgmodule-2.0 -lrt -lgdk-x11-2.0 -latk-1.0 -lgio-2.0 -lpangoft2-1.0 -lpangocairo-1.0 -lgdk_pixbuf-2.0 -lcairo -lpango-1.0 -lfreetype -lfontconfig -lgobject-2.0 -lglib-2.0 -lstartup-notification-1  '
HAVE_GTK_FALSE='#'
HAVE_GTK_TRUE=''
HAVE_OSMESA_FALSE='#'
HAVE_OSMESA_TRUE=''
INSTALL_DATA='${INSTALL} -m 644'
INSTALL_PROGRAM='${INSTALL}'
INSTALL_SCRIPT='${INSTALL}'
INSTALL_STRIP_PROGRAM='$(install_sh) -c -s'
LD='/usr/bin/ld -m elf_x86_64'
LDFLAGS=''
LIBOBJS=''
LIBS=''
LIBTOOL='$(SHELL) $(top_builddir)/libtool'
LIPO=''
LN_S='ln -s'
LTLIBOBJS=''
MAINT='#'
MAINTAINER_MODE_FALSE=''
MAINTAINER_MODE_TRUE='#'
MAKEINFO='${SHELL} /home/cfd7/GERRIS-INSTALL/gfsview-stable/missing --run makeinfo'
MANIFEST_TOOL=':'
MKDIR_P='/bin/mkdir -p'
NM='/usr/bin/nm -B'
NMEDIT=''
NO_UNDEFINED='-no-undefined'
OBJDUMP='objdump'
OBJEXT='o'
OSMESA_CFLAGS=' '
OSMESA_LIBS='-lOSMesa32  '
OTOOL64=''
OTOOL=''
PACKAGE='gfsview'
PACKAGE_BUGREPORT=''
PACKAGE_NAME=''
PACKAGE_STRING=''
PACKAGE_TARNAME=''
PACKAGE_URL=''
PACKAGE_VERSION=''
PATH_SEPARATOR=':'
PKG_CONFIG='/usr/bin/pkg-config'
PKG_CONFIG_LIBDIR=''
PKG_CONFIG_PATH=':/home/cfd7/lib/pkgconfig'
RANLIB='ranlib'
SED='/bin/sed'
SET_MAKE=''
SHELL='/bin/bash'
SN_CFLAGS=''
SN_LIBS=''
STRIP='strip'
VERSION='0.5.0'
ac_ct_AR='ar'
ac_ct_CC='mpicc'
ac_ct_DUMPBIN=''
am__EXEEXT_FALSE=''
am__EXEEXT_TRUE='#'
am__fastdepCC_FALSE='#'
am__fastdepCC_TRUE=''
am__include='include'
am__isrc=''
am__leading_dot='.'
am__nodep='_no'
am__quote=''
am__tar='$${TAR-tar} chof - "$$tardir"'
am__untar='$${TAR-tar} xf -'
bindir='${exec_prefix}/bin'
build='x86_64-unknown-linux-gnu'
build_alias=''
build_cpu='x86_64'
build_os='linux-gnu'
build_vendor='unknown'
datadir='${datarootdir}'
datarootdir='${prefix}/share'
docdir='${datarootdir}/doc/${PACKAGE}'
dvidir='${docdir}'
exec_prefix='${prefix}'
host='x86_64-unknown-linux-gnu'
host_alias=''
host_cpu='x86_64'
host_os='linux-gnu'
host_vendor='unknown'
htmldir='${docdir}'
includedir='${prefix}/include'
infodir='${datarootdir}/info'
install_sh='${SHELL} /home/cfd7/GERRIS-INSTALL/gfsview-stable/install-sh'
libdir='${exec_prefix}/lib'
libexecdir='${exec_prefix}/libexec'
localedir='${datarootdir}/locale'
localstatedir='${prefix}/var'
mandir='${datarootdir}/man'
mkdir_p='/bin/mkdir -p'
oldincludedir='/usr/include'
pdfdir='${docdir}'
prefix='/home/cfd7'
program_transform_name='s,x,x,'
psdir='${docdir}'
sbindir='${exec_prefix}/sbin'
sharedstatedir='${prefix}/com'
sysconfdir='${prefix}/etc'
target_alias=''
use_mpicc='yes'

## ----------- ##
## confdefs.h. ##
## ----------- ##

/* confdefs.h */
#define PACKAGE_NAME ""
#define PACKAGE_TARNAME ""
#define PACKAGE_VERSION ""
#define PACKAGE_STRING ""
#define PACKAGE_BUGREPORT ""
#define PACKAGE_URL ""
#define PACKAGE "gfsview"
#define VERSION "0.5.0"
#define HAVE_MPI 1
#define STDC_HEADERS 1
#define HAVE_SYS_TYPES_H 1
#define HAVE_SYS_STAT_H 1
#define HAVE_STDLIB_H 1
#define HAVE_STRING_H 1
#define HAVE_MEMORY_H 1
#define HAVE_STRINGS_H 1
#define HAVE_INTTYPES_H 1
#define HAVE_STDINT_H 1
#define HAVE_UNISTD_H 1
#define HAVE_DLFCN_H 1
#define LT_OBJDIR ".libs/"
#define HAVE_FTGL 1

configure: exit 0
