This file contains any messages produced by compilers while
running configure, to aid debugging if configure makes a mistake.

It was created by configure, which was
generated by GNU Autoconf 2.65.  Invocation command line was

  $ ./configure --prefix=/home/cfd7

## --------- ##
## Platform. ##
## --------- ##

hostname = cfd7
uname -m = x86_64
uname -r = 3.2.0-59-generic
uname -s = Linux
uname -v = #90-Ubuntu SMP Tue Jan 7 22:43:51 UTC 2014

/usr/bin/uname -p = unknown
/bin/uname -X     = unknown

/bin/arch              = unknown
/usr/bin/arch -k       = unknown
/usr/convex/getsysinfo = unknown
/usr/bin/hostinfo      = unknown
/bin/machine           = unknown
/usr/bin/oslevel       = unknown
/bin/universe          = unknown

PATH: /home/cfd7/bin
PATH: /usr/local/bin
PATH: /usr/bin
PATH: /bin
PATH: /usr/games
PATH: /home/cfd7/visit2_5_2.linux-x86_64/bin
PATH: /usr/local/cuda-5.0/bin
PATH: /home/cfd7/bin


## ----------- ##
## Core tests. ##
## ----------- ##

configure:2408: checking for a BSD-compatible install
configure:2476: result: /usr/bin/install -c
configure:2487: checking whether build environment is sane
configure:2537: result: yes
configure:2678: checking for a thread-safe mkdir -p
configure:2717: result: /bin/mkdir -p
configure:2730: checking for gawk
configure:2746: found /usr/bin/gawk
configure:2757: result: gawk
configure:2768: checking whether make sets $(MAKE)
configure:2790: result: yes
configure:2921: checking build system type
configure:2935: result: x86_64-unknown-linux-gnu
configure:2955: checking host system type
configure:2968: result: x86_64-unknown-linux-gnu
configure:3000: checking for style of include used by make
configure:3028: result: GNU
configure:3098: checking for gcc
configure:3114: found /usr/bin/gcc
configure:3125: result: gcc
configure:3354: checking for C compiler version
configure:3363: gcc --version >&5
gcc (Ubuntu/Linaro 4.6.3-1ubuntu5) 4.6.3
Copyright (C) 2011 Free Software Foundation, Inc.
This is free software; see the source for copying conditions.  There is NO
warranty; not even for MERCHANTABILITY or FITNESS FOR A PARTICULAR PURPOSE.

configure:3374: $? = 0
configure:3363: gcc -v >&5
Using built-in specs.
COLLECT_GCC=gcc
COLLECT_LTO_WRAPPER=/usr/lib/gcc/x86_64-linux-gnu/4.6/lto-wrapper
Target: x86_64-linux-gnu
Configured with: ../src/configure -v --with-pkgversion='Ubuntu/Linaro 4.6.3-1ubuntu5' --with-bugurl=file:///usr/share/doc/gcc-4.6/README.Bugs --enable-languages=c,c++,fortran,objc,obj-c++ --prefix=/usr --program-suffix=-4.6 --enable-shared --enable-linker-build-id --with-system-zlib --libexecdir=/usr/lib --without-included-gettext --enable-threads=posix --with-gxx-include-dir=/usr/include/c++/4.6 --libdir=/usr/lib --enable-nls --with-sysroot=/ --enable-clocale=gnu --enable-libstdcxx-debug --enable-libstdcxx-time=yes --enable-gnu-unique-object --enable-plugin --enable-objc-gc --disable-werror --with-arch-32=i686 --with-tune=generic --enable-checking=release --build=x86_64-linux-gnu --host=x86_64-linux-gnu --target=x86_64-linux-gnu
Thread model: posix
gcc version 4.6.3 (Ubuntu/Linaro 4.6.3-1ubuntu5) 
configure:3374: $? = 0
configure:3363: gcc -V >&5
gcc: error: unrecognized option '-V'
gcc: fatal error: no input files
compilation terminated.
configure:3374: $? = 4
configure:3363: gcc -qversion >&5
gcc: error: unrecognized option '-qversion'
gcc: fatal error: no input files
compilation terminated.
configure:3374: $? = 4
configure:3394: checking whether the C compiler works
configure:3416: gcc    conftest.c  >&5
configure:3420: $? = 0
configure:3469: result: yes
configure:3472: checking for C compiler default output file name
configure:3474: result: a.out
configure:3480: checking for suffix of executables
configure:3487: gcc -o conftest    conftest.c  >&5
configure:3491: $? = 0
configure:3513: result: 
configure:3535: checking whether we are cross compiling
configure:3543: gcc -o conftest    conftest.c  >&5
configure:3547: $? = 0
configure:3554: ./conftest
configure:3558: $? = 0
configure:3573: result: no
configure:3578: checking for suffix of object files
configure:3600: gcc -c   conftest.c >&5
configure:3604: $? = 0
configure:3625: result: o
configure:3629: checking whether we are using the GNU C compiler
configure:3648: gcc -c   conftest.c >&5
configure:3648: $? = 0
configure:3657: result: yes
configure:3666: checking whether gcc accepts -g
configure:3686: gcc -c -g  conftest.c >&5
configure:3686: $? = 0
configure:3727: result: yes
configure:3744: checking for gcc option to accept ISO C89
configure:3808: gcc  -c -g -O2  conftest.c >&5
configure:3808: $? = 0
configure:3821: result: none needed
configure:3843: checking dependency style of gcc
configure:3953: result: gcc3
configure:3968: checking for a sed that does not truncate output
configure:4032: result: /bin/sed
configure:4050: checking for grep that handles long lines and -e
configure:4108: result: /bin/grep
configure:4113: checking for egrep
configure:4175: result: /bin/grep -E
configure:4180: checking for fgrep
configure:4242: result: /bin/grep -F
configure:4277: checking for ld used by gcc
configure:4344: result: /usr/bin/ld
configure:4351: checking if the linker (/usr/bin/ld) is GNU ld
configure:4366: result: yes
configure:4378: checking for BSD- or MS-compatible name lister (nm)
configure:4427: result: /usr/bin/nm -B
configure:4545: checking the name lister (/usr/bin/nm -B) interface
configure:4552: gcc -c -g -O2  conftest.c >&5
configure:4555: /usr/bin/nm -B "conftest.o"
configure:4558: output
0000000000000000 B some_variable
configure:4565: result: BSD nm
configure:4568: checking whether ln -s works
configure:4572: result: yes
configure:4580: checking the maximum length of command line arguments
configure:4700: result: 1572864
configure:4717: checking whether the shell understands some XSI constructs
configure:4727: result: yes
configure:4731: checking whether the shell understands "+="
configure:4737: result: yes
configure:4772: checking for /usr/bin/ld option to reload object files
configure:4779: result: -r
configure:4848: checking for objdump
configure:4864: found /usr/bin/objdump
configure:4875: result: objdump
configure:4907: checking how to recognize dependent libraries
configure:5103: result: pass_all
configure:5163: checking for ar
configure:5179: found /usr/bin/ar
configure:5190: result: ar
configure:5268: checking for strip
configure:5284: found /usr/bin/strip
configure:5295: result: strip
configure:5367: checking for ranlib
configure:5383: found /usr/bin/ranlib
configure:5394: result: ranlib
configure:5484: checking command to parse /usr/bin/nm -B output from gcc object
configure:5602: gcc -c -g -O2  conftest.c >&5
configure:5605: $? = 0
configure:5609: /usr/bin/nm -B conftest.o \| sed -n -e 's/^.*[	 ]\([ABCDGIRSTW][ABCDGIRSTW]*\)[	 ][	 ]*\([_A-Za-z][_A-Za-z0-9]*\)$/\1 \2 \2/p' \> conftest.nm
configure:5612: $? = 0
configure:5666: gcc -o conftest -g -O2   conftest.c conftstm.o >&5
configure:5669: $? = 0
configure:5707: result: ok
configure:5803: gcc -c -g -O2  conftest.c >&5
configure:5806: $? = 0
configure:6516: checking how to run the C preprocessor
configure:6547: gcc -E  conftest.c
configure:6547: $? = 0
configure:6561: gcc -E  conftest.c
conftest.c:14:28: fatal error: ac_nonexistent.h: No such file or directory
compilation terminated.
configure:6561: $? = 1
configure: failed program was:
| /* confdefs.h */
| #define PACKAGE_NAME ""
| #define PACKAGE_TARNAME ""
| #define PACKAGE_VERSION ""
| #define PACKAGE_STRING ""
| #define PACKAGE_BUGREPORT ""
| #define PACKAGE_URL ""
| #define GTS_MAJOR_VERSION 0
| #define GTS_MINOR_VERSION 7
| #define GTS_MICRO_VERSION 6
| #define GTS_INTERFACE_AGE 1
| #define GTS_BINARY_AGE 1
| /* end confdefs.h.  */
| #include <ac_nonexistent.h>
configure:6586: result: gcc -E
configure:6606: gcc -E  conftest.c
configure:6606: $? = 0
configure:6620: gcc -E  conftest.c
conftest.c:14:28: fatal error: ac_nonexistent.h: No such file or directory
compilation terminated.
configure:6620: $? = 1
configure: failed program was:
| /* confdefs.h */
| #define PACKAGE_NAME ""
| #define PACKAGE_TARNAME ""
| #define PACKAGE_VERSION ""
| #define PACKAGE_STRING ""
| #define PACKAGE_BUGREPORT ""
| #define PACKAGE_URL ""
| #define GTS_MAJOR_VERSION 0
| #define GTS_MINOR_VERSION 7
| #define GTS_MICRO_VERSION 6
| #define GTS_INTERFACE_AGE 1
| #define GTS_BINARY_AGE 1
| /* end confdefs.h.  */
| #include <ac_nonexistent.h>
configure:6649: checking for ANSI C header files
configure:6669: gcc -c -g -O2  conftest.c >&5
configure:6669: $? = 0
configure:6742: gcc -o conftest -g -O2   conftest.c  >&5
configure:6742: $? = 0
configure:6742: ./conftest
configure:6742: $? = 0
configure:6753: result: yes
configure:6766: checking for sys/types.h
configure:6766: gcc -c -g -O2  conftest.c >&5
configure:6766: $? = 0
configure:6766: result: yes
configure:6766: checking for sys/stat.h
configure:6766: gcc -c -g -O2  conftest.c >&5
configure:6766: $? = 0
configure:6766: result: yes
configure:6766: checking for stdlib.h
configure:6766: gcc -c -g -O2  conftest.c >&5
configure:6766: $? = 0
configure:6766: result: yes
configure:6766: checking for string.h
configure:6766: gcc -c -g -O2  conftest.c >&5
configure:6766: $? = 0
configure:6766: result: yes
configure:6766: checking for memory.h
configure:6766: gcc -c -g -O2  conftest.c >&5
configure:6766: $? = 0
configure:6766: result: yes
configure:6766: checking for strings.h
configure:6766: gcc -c -g -O2  conftest.c >&5
configure:6766: $? = 0
configure:6766: result: yes
configure:6766: checking for inttypes.h
configure:6766: gcc -c -g -O2  conftest.c >&5
configure:6766: $? = 0
configure:6766: result: yes
configure:6766: checking for stdint.h
configure:6766: gcc -c -g -O2  conftest.c >&5
configure:6766: $? = 0
configure:6766: result: yes
configure:6766: checking for unistd.h
configure:6766: gcc -c -g -O2  conftest.c >&5
configure:6766: $? = 0
configure:6766: result: yes
configure:6781: checking for dlfcn.h
configure:6781: gcc -c -g -O2  conftest.c >&5
configure:6781: $? = 0
configure:6781: result: yes
configure:6965: checking for objdir
configure:6980: result: .libs
configure:7272: checking if gcc supports -fno-rtti -fno-exceptions
configure:7290: gcc -c -g -O2  -fno-rtti -fno-exceptions conftest.c >&5
cc1: warning: command line option '-fno-rtti' is valid for C++/ObjC++ but not for C [enabled by default]
configure:7294: $? = 0
configure:7307: result: no
configure:7327: checking for gcc option to produce PIC
configure:7599: result: -fPIC -DPIC
configure:7611: checking if gcc PIC flag -fPIC -DPIC works
configure:7629: gcc -c -g -O2  -fPIC -DPIC -DPIC conftest.c >&5
configure:7633: $? = 0
configure:7646: result: yes
configure:7670: checking if gcc static flag -static works
configure:7698: result: yes
configure:7713: checking if gcc supports -c -o file.o
configure:7734: gcc -c -g -O2  -o out/conftest2.o conftest.c >&5
configure:7738: $? = 0
configure:7760: result: yes
configure:7768: checking if gcc supports -c -o file.o
configure:7815: result: yes
configure:7848: checking whether the gcc linker (/usr/bin/ld -m elf_x86_64) supports shared libraries
configure:8839: result: yes
configure:8876: checking whether -lc should be explicitly linked in
configure:8881: gcc -c -g -O2  conftest.c >&5
configure:8884: $? = 0
configure:8899: gcc -shared conftest.o  -v -Wl,-soname -Wl,conftest -o conftest 2\>\&1 \| /bin/grep  -lc  \>/dev/null 2\>\&1
configure:8902: $? = 0
configure:8914: result: no
configure:9078: checking dynamic linker characteristics
configure:9511: gcc -o conftest -g -O2   -Wl,-rpath -Wl,/foo conftest.c  >&5
configure:9511: $? = 0
configure:9741: result: GNU/Linux ld.so
configure:9843: checking how to hardcode library paths into programs
configure:9868: result: immediate
configure:10388: checking whether stripping libraries is possible
configure:10393: result: yes
configure:10428: checking if libtool supports shared libraries
configure:10430: result: yes
configure:10433: checking whether to build shared libraries
configure:10454: result: yes
configure:10457: checking whether to build static libraries
configure:10461: result: yes
configure:10498: checking whether to enable maintainer-specific portions of Makefiles
configure:10507: result: no
configure:10569: checking for gcc
configure:10596: result: gcc
configure:10825: checking for C compiler version
configure:10834: gcc --version >&5
gcc (Ubuntu/Linaro 4.6.3-1ubuntu5) 4.6.3
Copyright (C) 2011 Free Software Foundation, Inc.
This is free software; see the source for copying conditions.  There is NO
warranty; not even for MERCHANTABILITY or FITNESS FOR A PARTICULAR PURPOSE.

configure:10845: $? = 0
configure:10834: gcc -v >&5
Using built-in specs.
COLLECT_GCC=gcc
COLLECT_LTO_WRAPPER=/usr/lib/gcc/x86_64-linux-gnu/4.6/lto-wrapper
Target: x86_64-linux-gnu
Configured with: ../src/configure -v --with-pkgversion='Ubuntu/Linaro 4.6.3-1ubuntu5' --with-bugurl=file:///usr/share/doc/gcc-4.6/README.Bugs --enable-languages=c,c++,fortran,objc,obj-c++ --prefix=/usr --program-suffix=-4.6 --enable-shared --enable-linker-build-id --with-system-zlib --libexecdir=/usr/lib --without-included-gettext --enable-threads=posix --with-gxx-include-dir=/usr/include/c++/4.6 --libdir=/usr/lib --enable-nls --with-sysroot=/ --enable-clocale=gnu --enable-libstdcxx-debug --enable-libstdcxx-time=yes --enable-gnu-unique-object --enable-plugin --enable-objc-gc --disable-werror --with-arch-32=i686 --with-tune=generic --enable-checking=release --build=x86_64-linux-gnu --host=x86_64-linux-gnu --target=x86_64-linux-gnu
Thread model: posix
gcc version 4.6.3 (Ubuntu/Linaro 4.6.3-1ubuntu5) 
configure:10845: $? = 0
configure:10834: gcc -V >&5
gcc: error: unrecognized option '-V'
gcc: fatal error: no input files
compilation terminated.
configure:10845: $? = 4
configure:10834: gcc -qversion >&5
gcc: error: unrecognized option '-qversion'
gcc: fatal error: no input files
compilation terminated.
configure:10845: $? = 4
configure:10849: checking whether we are using the GNU C compiler
configure:10877: result: yes
configure:10886: checking whether gcc accepts -g
configure:10947: result: yes
configure:10964: checking for gcc option to accept ISO C89
configure:11041: result: none needed
configure:11063: checking dependency style of gcc
configure:11173: result: gcc3
configure:11197: checking for gawk
configure:11224: result: gawk
configure:11235: checking for library containing strerror
configure:11266: gcc -o conftest -g -O2 -Wall -Werror-implicit-function-declaration -Wstrict-prototypes -Wmissing-prototypes -Wmissing-declarations   conftest.c  >&5
conftest.c:33:1: warning: function declaration isn't a prototype [-Wstrict-prototypes]
conftest.c:35:1: warning: function declaration isn't a prototype [-Wstrict-prototypes]
configure:11266: $? = 0
configure:11283: result: none required
configure:11291: checking for ANSI C header files
configure:11395: result: yes
configure:11404: checking pgm.h usability
configure:11404: gcc -c -g -O2 -Wall -Werror-implicit-function-declaration -Wstrict-prototypes -Wmissing-prototypes -Wmissing-declarations  conftest.c >&5
configure:11404: $? = 0
configure:11404: result: yes
configure:11404: checking pgm.h presence
configure:11404: gcc -E  conftest.c
configure:11404: $? = 0
configure:11404: result: yes
configure:11404: checking for pgm.h
configure:11404: result: yes
configure:11426: checking for pgm_init in -lnetpbm
configure:11451: gcc -o conftest -g -O2 -Wall -Werror-implicit-function-declaration -Wstrict-prototypes -Wmissing-prototypes -Wmissing-declarations   conftest.c -lnetpbm -lm  >&5
conftest.c:34:1: warning: function declaration isn't a prototype [-Wstrict-prototypes]
conftest.c:36:1: warning: function declaration isn't a prototype [-Wstrict-prototypes]
configure:11451: $? = 0
configure:11460: result: yes
configure:11561: checking for pkg-config
configure:11579: found /usr/bin/pkg-config
configure:11591: result: /usr/bin/pkg-config
configure:11616: checking pkg-config is at least version 0.16
configure:11619: result: yes
configure:11637: checking for GLIB - version >= 2.4.0
configure:11751: gcc -o conftest -g -O2 -Wall -Werror-implicit-function-declaration -Wstrict-prototypes -Wmissing-prototypes -Wmissing-declarations -pthread -I/usr/include/glib-2.0 -I/usr/lib/x86_64-linux-gnu/glib-2.0/include     conftest.c -pthread -Wl,--export-dynamic -lgthread-2.0 -lgmodule-2.0 -lrt -lglib-2.0    >&5
conftest.c:33:1: warning: function declaration isn't a prototype [-Wstrict-prototypes]
configure:11751: $? = 0
configure:11751: ./conftest
configure:11751: $? = 0
configure:11765: result: yes (version 2.32.4)
configure:12202: gcc -c -g -O2 -Wall -Werror-implicit-function-declaration -Wstrict-prototypes -Wmissing-prototypes -Wmissing-declarations -I/usr/include/glib-2.0 -I/usr/lib/x86_64-linux-gnu/glib-2.0/include    conftest.c >&5
conftest.c:29:1: warning: function declaration isn't a prototype [-Wstrict-prototypes]
conftest.c: In function 'main':
conftest.c:31:1: warning: missing terminating " character [enabled by default]
conftest.c:31:1: error: missing terminating " character
conftest.c:32:13: warning: #warning test [-Wcpp]
conftest.c: At top level:
conftest.c:33:3: warning: missing terminating " character [enabled by default]
conftest.c:33:2: error: missing terminating " character
conftest.c:35:3: error: expected identifier or '(' before 'return'
conftest.c:36:1: error: expected identifier or '(' before '}' token
conftest.c: In function 'main':
conftest.c:33:2: warning: control reaches end of non-void function [-Wreturn-type]
configure:12202: $? = 1
configure: failed program was:
| /* confdefs.h */
| #define PACKAGE_NAME ""
| #define PACKAGE_TARNAME ""
| #define PACKAGE_VERSION ""
| #define PACKAGE_STRING ""
| #define PACKAGE_BUGREPORT ""
| #define PACKAGE_URL ""
| #define GTS_MAJOR_VERSION 0
| #define GTS_MINOR_VERSION 7
| #define GTS_MICRO_VERSION 6
| #define GTS_INTERFACE_AGE 1
| #define GTS_BINARY_AGE 1
| #define STDC_HEADERS 1
| #define HAVE_SYS_TYPES_H 1
| #define HAVE_SYS_STAT_H 1
| #define HAVE_STDLIB_H 1
| #define HAVE_STRING_H 1
| #define HAVE_MEMORY_H 1
| #define HAVE_STRINGS_H 1
| #define HAVE_INTTYPES_H 1
| #define HAVE_STDINT_H 1
| #define HAVE_UNISTD_H 1
| #define HAVE_DLFCN_H 1
| #define LT_OBJDIR ".libs/"
| #define STDC_HEADERS 1
| /* end confdefs.h.  */
| 
| int
| main ()
| {
| "{
|            #warning test
| 	}"
|   ;
|   return 0;
| }
configure:12207: WARNING: "C preprocessor does not support warning directive."
configure:12215: checking fpu_control.h usability
configure:12215: gcc -c -g -O2 -Wall -Werror-implicit-function-declaration -Wstrict-prototypes -Wmissing-prototypes -Wmissing-declarations -I/usr/include/glib-2.0 -I/usr/lib/x86_64-linux-gnu/glib-2.0/include    conftest.c >&5
configure:12215: $? = 0
configure:12215: result: yes
configure:12215: checking fpu_control.h presence
configure:12215: gcc -E  conftest.c
configure:12215: $? = 0
configure:12215: result: yes
configure:12215: checking for fpu_control.h
configure:12215: result: yes
configure:12228: checking floatingpoint.h usability
configure:12228: gcc -c -g -O2 -Wall -Werror-implicit-function-declaration -Wstrict-prototypes -Wmissing-prototypes -Wmissing-declarations -I/usr/include/glib-2.0 -I/usr/lib/x86_64-linux-gnu/glib-2.0/include    conftest.c >&5
conftest.c:62:27: fatal error: floatingpoint.h: No such file or directory
compilation terminated.
configure:12228: $? = 1
configure: failed program was:
| /* confdefs.h */
| #define PACKAGE_NAME ""
| #define PACKAGE_TARNAME ""
| #define PACKAGE_VERSION ""
| #define PACKAGE_STRING ""
| #define PACKAGE_BUGREPORT ""
| #define PACKAGE_URL ""
| #define GTS_MAJOR_VERSION 0
| #define GTS_MINOR_VERSION 7
| #define GTS_MICRO_VERSION 6
| #define GTS_INTERFACE_AGE 1
| #define GTS_BINARY_AGE 1
| #define STDC_HEADERS 1
| #define HAVE_SYS_TYPES_H 1
| #define HAVE_SYS_STAT_H 1
| #define HAVE_STDLIB_H 1
| #define HAVE_STRING_H 1
| #define HAVE_MEMORY_H 1
| #define HAVE_STRINGS_H 1
| #define HAVE_INTTYPES_H 1
| #define HAVE_STDINT_H 1
| #define HAVE_UNISTD_H 1
| #define HAVE_DLFCN_H 1
| #define LT_OBJDIR ".libs/"
| #define STDC_HEADERS 1
| #define HAVE_FPU_CONTROL_H 1
| #define HAVE_FPU_CONTROL_H 1
| /* end confdefs.h.  */
| #include <stdio.h>
| #ifdef HAVE_SYS_TYPES_H
| # include <sys/types.h>
| #endif
| #ifdef HAVE_SYS_STAT_H
| # include <sys/stat.h>
| #endif
| #ifdef STDC_HEADERS
| # include <stdlib.h>
| # include <stddef.h>
| #else
| # ifdef HAVE_STDLIB_H
| #  include <stdlib.h>
| # endif
| #endif
| #ifdef HAVE_STRING_H
| # if !defined STDC_HEADERS && defined HAVE_MEMORY_H
| #  include <memory.h>
| # endif
| # include <string.h>
| #endif
| #ifdef HAVE_STRINGS_H
| # include <strings.h>
| #endif
| #ifdef HAVE_INTTYPES_H
| # include <inttypes.h>
| #endif
| #ifdef HAVE_STDINT_H
| # include <stdint.h>
| #endif
| #ifdef HAVE_UNISTD_H
| # include <unistd.h>
| #endif
| #include <floatingpoint.h>
configure:12228: result: no
configure:12228: checking floatingpoint.h presence
configure:12228: gcc -E  conftest.c
conftest.c:29:27: fatal error: floatingpoint.h: No such file or directory
compilation terminated.
configure:12228: $? = 1
configure: failed program was:
| /* confdefs.h */
| #define PACKAGE_NAME ""
| #define PACKAGE_TARNAME ""
| #define PACKAGE_VERSION ""
| #define PACKAGE_STRING ""
| #define PACKAGE_BUGREPORT ""
| #define PACKAGE_URL ""
| #define GTS_MAJOR_VERSION 0
| #define GTS_MINOR_VERSION 7
| #define GTS_MICRO_VERSION 6
| #define GTS_INTERFACE_AGE 1
| #define GTS_BINARY_AGE 1
| #define STDC_HEADERS 1
| #define HAVE_SYS_TYPES_H 1
| #define HAVE_SYS_STAT_H 1
| #define HAVE_STDLIB_H 1
| #define HAVE_STRING_H 1
| #define HAVE_MEMORY_H 1
| #define HAVE_STRINGS_H 1
| #define HAVE_INTTYPES_H 1
| #define HAVE_STDINT_H 1
| #define HAVE_UNISTD_H 1
| #define HAVE_DLFCN_H 1
| #define LT_OBJDIR ".libs/"
| #define STDC_HEADERS 1
| #define HAVE_FPU_CONTROL_H 1
| #define HAVE_FPU_CONTROL_H 1
| /* end confdefs.h.  */
| #include <floatingpoint.h>
configure:12228: result: no
configure:12228: checking for floatingpoint.h
configure:12228: result: no
configure:12241: checking for unistd.h
configure:12241: result: yes
configure:12254: checking getopt.h usability
configure:12254: gcc -c -g -O2 -Wall -Werror-implicit-function-declaration -Wstrict-prototypes -Wmissing-prototypes -Wmissing-declarations -I/usr/include/glib-2.0 -I/usr/lib/x86_64-linux-gnu/glib-2.0/include    conftest.c >&5
configure:12254: $? = 0
configure:12254: result: yes
configure:12254: checking getopt.h presence
configure:12254: gcc -E  conftest.c
configure:12254: $? = 0
configure:12254: result: yes
configure:12254: checking for getopt.h
configure:12254: result: yes
configure:12268: checking for getopt_long
configure:12268: gcc -o conftest -g -O2 -Wall -Werror-implicit-function-declaration -Wstrict-prototypes -Wmissing-prototypes -Wmissing-declarations -I/usr/include/glib-2.0 -I/usr/lib/x86_64-linux-gnu/glib-2.0/include     -lglib-2.0   conftest.c  >&5
conftest.c:56:1: warning: function declaration isn't a prototype [-Wstrict-prototypes]
conftest.c:65:1: warning: function declaration isn't a prototype [-Wstrict-prototypes]
configure:12268: $? = 0
configure:12268: result: yes
configure:12410: creating ./config.status

## ---------------------- ##
## Running config.status. ##
## ---------------------- ##

This file was extended by config.status, which was
generated by GNU Autoconf 2.65.  Invocation command line was

  CONFIG_FILES    = 
  CONFIG_HEADERS  = 
  CONFIG_LINKS    = 
  CONFIG_COMMANDS = 
  $ ./config.status 

on cfd7

config.status:1121: creating Makefile
config.status:1121: creating gts.pc
config.status:1121: creating src/Makefile
config.status:1121: creating src/gts-config
config.status:1121: creating tools/Makefile
config.status:1121: creating doc/Makefile
config.status:1121: creating doc/manpages/Makefile
config.status:1121: creating examples/Makefile
config.status:1121: creating test/Makefile
config.status:1121: creating test/boolean/Makefile
config.status:1121: creating test/delaunay/Makefile
config.status:1121: creating test/coarsen/Makefile
config.status:1121: creating debian/Makefile
config.status:1121: creating config.h
config.status:1293: config.h is unchanged
config.status:1341: executing depfiles commands
config.status:1341: executing libtool commands
config.status:1341: executing default-1 commands

## ---------------- ##
## Cache variables. ##
## ---------------- ##

ac_cv_build=x86_64-unknown-linux-gnu
ac_cv_c_compiler_gnu=yes
ac_cv_env_CC_set=
ac_cv_env_CC_value=
ac_cv_env_CFLAGS_set=
ac_cv_env_CFLAGS_value=
ac_cv_env_CPPFLAGS_set=
ac_cv_env_CPPFLAGS_value=
ac_cv_env_CPP_set=
ac_cv_env_CPP_value=
ac_cv_env_LDFLAGS_set=
ac_cv_env_LDFLAGS_value=
ac_cv_env_LIBS_set=
ac_cv_env_LIBS_value=
ac_cv_env_PKG_CONFIG_set=
ac_cv_env_PKG_CONFIG_value=
ac_cv_env_build_alias_set=
ac_cv_env_build_alias_value=
ac_cv_env_host_alias_set=
ac_cv_env_host_alias_value=
ac_cv_env_target_alias_set=
ac_cv_env_target_alias_value=
ac_cv_func_getopt_long=yes
ac_cv_header_dlfcn_h=yes
ac_cv_header_floatingpoint_h=no
ac_cv_header_fpu_control_h=yes
ac_cv_header_getopt_h=yes
ac_cv_header_inttypes_h=yes
ac_cv_header_memory_h=yes
ac_cv_header_pgm_h=yes
ac_cv_header_stdc=yes
ac_cv_header_stdint_h=yes
ac_cv_header_stdlib_h=yes
ac_cv_header_string_h=yes
ac_cv_header_strings_h=yes
ac_cv_header_sys_stat_h=yes
ac_cv_header_sys_types_h=yes
ac_cv_header_unistd_h=yes
ac_cv_host=x86_64-unknown-linux-gnu
ac_cv_lib_netpbm_pgm_init=yes
ac_cv_objext=o
ac_cv_path_EGREP='/bin/grep -E'
ac_cv_path_FGREP='/bin/grep -F'
ac_cv_path_GREP=/bin/grep
ac_cv_path_SED=/bin/sed
ac_cv_path_ac_pt_PKG_CONFIG=/usr/bin/pkg-config
ac_cv_path_install='/usr/bin/install -c'
ac_cv_path_mkdir=/bin/mkdir
ac_cv_prog_AWK=gawk
ac_cv_prog_CPP='gcc -E'
ac_cv_prog_ac_ct_AR=ar
ac_cv_prog_ac_ct_CC=gcc
ac_cv_prog_ac_ct_OBJDUMP=objdump
ac_cv_prog_ac_ct_RANLIB=ranlib
ac_cv_prog_ac_ct_STRIP=strip
ac_cv_prog_cc_c89=
ac_cv_prog_cc_g=yes
ac_cv_prog_make_make_set=yes
ac_cv_search_strerror='none required'
am_cv_CC_dependencies_compiler_type=gcc3
lt_cv_deplibs_check_method=pass_all
lt_cv_file_magic_cmd='$MAGIC_CMD'
lt_cv_file_magic_test_file=
lt_cv_ld_reload_flag=-r
lt_cv_nm_interface='BSD nm'
lt_cv_objdir=.libs
lt_cv_path_LD=/usr/bin/ld
lt_cv_path_NM='/usr/bin/nm -B'
lt_cv_prog_compiler_c_o=yes
lt_cv_prog_compiler_pic_works=yes
lt_cv_prog_compiler_rtti_exceptions=no
lt_cv_prog_compiler_static_works=yes
lt_cv_prog_gnu_ld=yes
lt_cv_sys_global_symbol_pipe='sed -n -e '\''s/^.*[	 ]\([ABCDGIRSTW][ABCDGIRSTW]*\)[	 ][	 ]*\([_A-Za-z][_A-Za-z0-9]*\)$/\1 \2 \2/p'\'''
lt_cv_sys_global_symbol_to_c_name_address='sed -n -e '\''s/^: \([^ ]*\) $/  {\"\1\", (void *) 0},/p'\'' -e '\''s/^[ABCDGIRSTW]* \([^ ]*\) \([^ ]*\)$/  {"\2", (void *) \&\2},/p'\'''
lt_cv_sys_global_symbol_to_c_name_address_lib_prefix='sed -n -e '\''s/^: \([^ ]*\) $/  {\"\1\", (void *) 0},/p'\'' -e '\''s/^[ABCDGIRSTW]* \([^ ]*\) \(lib[^ ]*\)$/  {"\2", (void *) \&\2},/p'\'' -e '\''s/^[ABCDGIRSTW]* \([^ ]*\) \([^ ]*\)$/  {"lib\2", (void *) \&\2},/p'\'''
lt_cv_sys_global_symbol_to_cdecl='sed -n -e '\''s/^T .* \(.*\)$/extern int \1();/p'\'' -e '\''s/^[ABCDGIRSTW]* .* \(.*\)$/extern char \1;/p'\'''
lt_cv_sys_max_cmd_len=1572864

## ----------------- ##
## Output variables. ##
## ----------------- ##

ACLOCAL='${SHELL} /home/cfd7/GERRIS-INSTALL/gts-stable/missing --run aclocal-1.11'
AMDEPBACKSLASH='\'
AMDEP_FALSE='#'
AMDEP_TRUE=''
AMTAR='${SHELL} /home/cfd7/GERRIS-INSTALL/gts-stable/missing --run tar'
AR='ar'
AUTOCONF='${SHELL} /home/cfd7/GERRIS-INSTALL/gts-stable/missing --run autoconf'
AUTOHEADER='${SHELL} /home/cfd7/GERRIS-INSTALL/gts-stable/missing --run autoheader'
AUTOMAKE='${SHELL} /home/cfd7/GERRIS-INSTALL/gts-stable/missing --run automake-1.11'
AWK='gawk'
CC='gcc'
CCDEPMODE='depmode=gcc3'
CFLAGS='-g -O2 -Wall -Werror-implicit-function-declaration -Wstrict-prototypes -Wmissing-prototypes -Wmissing-declarations -I/usr/include/glib-2.0 -I/usr/lib/x86_64-linux-gnu/glib-2.0/include  '
CPP='gcc -E'
CPPFLAGS=''
CYGPATH_W='echo'
DEFS='-DHAVE_CONFIG_H'
DEPDIR='.deps'
DSYMUTIL=''
DUMPBIN=''
ECHO_C=''
ECHO_N='-n'
ECHO_T=''
EGREP='/bin/grep -E'
EXEEXT=''
FGREP='/bin/grep -F'
GLIB_CFLAGS='-pthread -I/usr/include/glib-2.0 -I/usr/lib/x86_64-linux-gnu/glib-2.0/include  '
GLIB_CONFIG=''
GLIB_DEPLIBS='-lglib-2.0  '
GLIB_GENMARSHAL='glib-genmarshal'
GLIB_LIBS='-lglib-2.0  '
GLIB_MKENUMS='glib-mkenums'
GOBJECT_QUERY='gobject-query'
GREP='/bin/grep'
GTS_MAJOR_VERSION='0'
GTS_MICRO_VERSION='6'
GTS_MINOR_VERSION='7'
GTS_VERSION='0.7.6'
HAS_NETPBM_FALSE='#'
HAS_NETPBM_TRUE=''
INSTALL_DATA='${INSTALL} -m 644'
INSTALL_PROGRAM='${INSTALL}'
INSTALL_SCRIPT='${INSTALL}'
INSTALL_STRIP_PROGRAM='$(install_sh) -c -s'
LD='/usr/bin/ld -m elf_x86_64'
LDFLAGS=' -lglib-2.0  '
LIBOBJS=''
LIBS=''
LIBTOOL='$(SHELL) $(top_builddir)/libtool'
LIPO=''
LN_S='ln -s'
LTLIBOBJS=''
LT_AGE='0'
LT_CURRENT='5'
LT_RELEASE='0.7'
LT_REVISION='1'
MAINT='#'
MAINTAINER_MODE_FALSE=''
MAINTAINER_MODE_TRUE='#'
MAKEINFO='${SHELL} /home/cfd7/GERRIS-INSTALL/gts-stable/missing --run makeinfo'
MKDIR_P='/bin/mkdir -p'
NM='/usr/bin/nm -B'
NMEDIT=''
OBJDUMP='objdump'
OBJEXT='o'
OTOOL64=''
OTOOL=''
PACKAGE='gts'
PACKAGE_BUGREPORT=''
PACKAGE_NAME=''
PACKAGE_STRING=''
PACKAGE_TARNAME=''
PACKAGE_URL=''
PACKAGE_VERSION=''
PATH_SEPARATOR=':'
PKG_CONFIG='/usr/bin/pkg-config'
RANLIB='ranlib'
SED='/bin/sed'
SET_MAKE=''
SHELL='/bin/bash'
STRIP='strip'
VERSION='0.7.6'
ac_ct_CC='gcc'
ac_ct_DUMPBIN=''
am__EXEEXT_FALSE=''
am__EXEEXT_TRUE='#'
am__fastdepCC_FALSE='#'
am__fastdepCC_TRUE=''
am__include='include'
am__isrc=''
am__leading_dot='.'
am__quote=''
am__tar='${AMTAR} chof - "$$tardir"'
am__untar='${AMTAR} xf -'
bindir='${exec_prefix}/bin'
build='x86_64-unknown-linux-gnu'
build_alias=''
build_cpu='x86_64'
build_os='linux-gnu'
build_vendor='unknown'
datadir='${datarootdir}'
datarootdir='${prefix}/share'
docdir='${datarootdir}/doc/${PACKAGE}'
dvidir='${docdir}'
exec_prefix='${prefix}'
glib_cflags='-I/usr/include/glib-2.0 -I/usr/lib/x86_64-linux-gnu/glib-2.0/include  '
glib_libs='-lglib-2.0  '
glib_module_cflags='-pthread -I/usr/include/glib-2.0 -I/usr/lib/x86_64-linux-gnu/glib-2.0/include  '
glib_module_libs='-Wl,--export-dynamic -pthread -lgmodule-2.0 -lrt -lglib-2.0  '
glib_thread_cflags='-pthread -I/usr/include/glib-2.0 -I/usr/lib/x86_64-linux-gnu/glib-2.0/include  '
glib_thread_libs='-pthread -lgthread-2.0 -lrt -lglib-2.0  '
host='x86_64-unknown-linux-gnu'
host_alias=''
host_cpu='x86_64'
host_os='linux-gnu'
host_vendor='unknown'
htmldir='${docdir}'
includedir='${prefix}/include'
infodir='${datarootdir}/info'
install_sh='${SHELL} /home/cfd7/GERRIS-INSTALL/gts-stable/install-sh'
libdir='${exec_prefix}/lib'
libexecdir='${exec_prefix}/libexec'
localedir='${datarootdir}/locale'
localstatedir='${prefix}/var'
lt_ECHO='echo'
mandir='${datarootdir}/man'
mkdir_p='/bin/mkdir -p'
oldincludedir='/usr/include'
pdfdir='${docdir}'
prefix='/home/cfd7'
program_transform_name='s,x,x,'
psdir='${docdir}'
sbindir='${exec_prefix}/sbin'
sharedstatedir='${prefix}/com'
sysconfdir='${prefix}/etc'
target_alias=''

## ----------- ##
## confdefs.h. ##
## ----------- ##

/* confdefs.h */
#define PACKAGE_NAME ""
#define PACKAGE_TARNAME ""
#define PACKAGE_VERSION ""
#define PACKAGE_STRING ""
#define PACKAGE_BUGREPORT ""
#define PACKAGE_URL ""
#define GTS_MAJOR_VERSION 0
#define GTS_MINOR_VERSION 7
#define GTS_MICRO_VERSION 6
#define GTS_INTERFACE_AGE 1
#define GTS_BINARY_AGE 1
#define STDC_HEADERS 1
#define HAVE_SYS_TYPES_H 1
#define HAVE_SYS_STAT_H 1
#define HAVE_STDLIB_H 1
#define HAVE_STRING_H 1
#define HAVE_MEMORY_H 1
#define HAVE_STRINGS_H 1
#define HAVE_INTTYPES_H 1
#define HAVE_STDINT_H 1
#define HAVE_UNISTD_H 1
#define HAVE_DLFCN_H 1
#define LT_OBJDIR ".libs/"
#define STDC_HEADERS 1
#define HAVE_FPU_CONTROL_H 1
#define HAVE_FPU_CONTROL_H 1
#define HAVE_UNISTD_H 1
#define HAVE_UNISTD_H 1
#define HAVE_GETOPT_H 1
#define HAVE_GETOPT_H 1
#define HAVE_GETOPT_LONG 1

configure: exit 0
